[ +128 ms] executing: uname -m
[  +59 ms] Exit code 0 from: uname -m
[   +1 ms] aarch64
[ +323 ms] Artifact Instance of 'AndroidGenSnapshotArtifacts' is not required, skipping update.
[   +1 ms] Artifact Instance of 'AndroidInternalBuildArtifacts' is not required, skipping update.
[   +1 ms] Artifact Instance of 'IOSEngineArtifacts' is not required, skipping update.
[   +1 ms] Artifact Instance of 'FlutterWebSdk' is not required, skipping update.
[   +1 ms] Artifact Instance of 'LegacyCanvasKitRemover' is not required, skipping update.
[  +13 ms] Artifact Instance of 'WindowsEngineArtifacts' is not required, skipping update.
[   +1 ms] Artifact Instance of 'MacOSEngineArtifacts' is not required, skipping update.
[   +1 ms] Artifact Instance of 'LinuxEngineArtifacts' is not required, skipping update.
[   +1 ms] Artifact Instance of 'LinuxFuchsiaSDKArtifacts' is not required, skipping update.
[   +1 ms] Artifact Instance of 'MacOSFuchsiaSDKArtifacts' is not required, skipping update.
[   +1 ms] Artifact Instance of 'FlutterRunnerSDKArtifacts' is not required, skipping update.
[   +1 ms] Artifact Instance of 'FlutterRunnerDebugSymbols' is not required, skipping update.
[ +275 ms] executing: /data/data/com.termux/files/usr/opt/android-sdk/platform-tools/adb devices -l
[ +167 ms] CANNOT LINK EXECUTABLE "/data/data/com.termux/files/usr/opt/android-sdk/platform-tools/adb": cannot locate symbol "pthread_cond_clockwait" referenced by "/data/data/com.termux/files/usr/opt/android-sdk/platform-tools/adb"...
[  +64 ms] "flutter run" took 739ms.
[  +25 ms] Unable to run "adb", check your Android SDK installation and ANDROID_HOME environment variable: /data/data/com.termux/files/usr/opt/android-sdk/platform-tools/adb
           Error details: Process exited abnormally with exit code -6:
           CANNOT LINK EXECUTABLE "/data/data/com.termux/files/usr/opt/android-sdk/platform-tools/adb": cannot locate symbol "pthread_cond_clockwait" referenced by "/data/data/com.termux/files/usr/opt/android-sdk/platform-tools/adb"...
[   +9 ms] 
           #0      throwToolExit (package:flutter_tools/src/base/common.dart:34:3)
           #1      AndroidDevices.pollingGetDevices (package:flutter_tools/src/android/android_device_discovery.dart:75:7)
           <asynchronous suspension>
           #2      PollingDeviceDiscovery._populateDevices (package:flutter_tools/src/device.dart:531:36)
           <asynchronous suspension>
           #3      Future.wait.<anonymous closure> (dart:async/future.dart:528:21)
           <asynchronous suspension>
           #4      DeviceManager.getAllDevices (package:flutter_tools/src/device.dart:185:40)
           <asynchronous suspension>
           #5      DeviceBasedDevelopmentArtifacts.requiredArtifacts (package:flutter_tools/src/runner/flutter_command.dart:2079:34)
           <asynchronous suspension>
           #6      FlutterCommand.verifyThenRunCommand (package:flutter_tools/src/runner/flutter_command.dart:1865:37)
           <asynchronous suspension>
           #7      FlutterCommand.run.<anonymous closure> (package:flutter_tools/src/runner/flutter_command.dart:1558:27)
           <asynchronous suspension>
           #8      AppContext.run.<anonymous closure> (package:flutter_tools/src/base/context.dart:154:19)
           <asynchronous suspension>
           #9      CommandRunner.runCommand (package:args/command_runner.dart:212:13)
           <asynchronous suspension>
           #10     FlutterCommandRunner.runCommand.<anonymous closure> (package:flutter_tools/src/runner/flutter_command_runner.dart:496:9)
           <asynchronous suspension>
           #11     AppContext.run.<anonymous closure> (package:flutter_tools/src/base/context.dart:154:19)
           <asynchronous suspension>
           #12     FlutterCommandRunner.runCommand (package:flutter_tools/src/runner/flutter_command_runner.dart:431:5)
           <asynchronous suspension>
           #13     run.<anonymous closure>.<anonymous closure> (package:flutter_tools/runner.dart:98:11)
           <asynchronous suspension>
           #14     AppContext.run.<anonymous closure> (package:flutter_tools/src/base/context.dart:154:19)
           <asynchronous suspension>
           #15     main (package:flutter_tools/executable.dart:99:3)
           <asynchronous suspension>


[   +2 ms] Running 2 shutdown hooks
[   +3 ms] Shutdown hooks complete
[   +3 ms] exiting with code 1
